droYak2_ct_UserTrack_3545_0 GCTGT
GGGCGGAGAAGC
GAGGTGCAGAAG
GCATTTTGCTCA
GTGTACATTTAA
GAACAACAACAA
GCAGGGCCATGA
GTGAACATGAAC
GAACCAAATGGG
GTGCTGCGCCAC
GAGCATTTCCCT
GGATGAACGGAC
GCAGACAGCACT
GTAAGAGCCCTG
GCACACGCGCAC
GCAAATGCTGCA
GTACTGCCTCTC
GAGTGGAAATTT
GGTGGAAATTTA
GGCTCCTCCAGC
GTTTTGCTTGTA
GTCCAAGCAGCG
GAAAATCAAAAT
GAAATCAAAATG
GAATAACAGCAT
GAAACGGATTCT
GGCGCTGCCAAC
GCATTTAATATA
GAGTGGAAATTT
GTCCTGCTAAAT
GTCATCATCCTC
GCATCCTCATCC
GTCCTCATCCTC
GTCATCATCCTC
GAACAAAAACAA
GCTGCTGCTGGA
GAAAAAACAAAA
GCGCGGGACATG
GCTGGGGAAAAA
GACAAAAAACAA
GCAAAAAACAAA
GCTTTTGGACAA
GTTATCATATTT
GCTTTTGGACAA
GGCTTCAATGAC
GTGCCAGATAAA
GAAGGCGGAGAA
GAGGCGGAGAAG
GAGGGCCATGAA
GAATCCACAAAG
GTAATATATAAT
GAGTGCTCACGC
GCGATGACGACG
GTCATCCTCATC
GCATCCTCCTCT
