droYak2_ct_UserTrack_3545_0 GCTGT
STRG.64.2 [748] 398 GCATTTATCAT
STRG.64.2 [3132] 1978 CAGGCGGAGAA
STRG.64.2 [3133, 3142] 1979 AGGCGGAGAAG
STRG.64.2 [3143] 1980 GGCGGAGAAGC
STRG.64.2 [3107] 3091 AAGGTGCAGAA
STRG.64.2 [3108] 3092 AGGTGCAGAAG
STRG.64.2 [417] 4559 TCACATTTTGC
STRG.64.2 [418] 4560 CACATTTTGCT
STRG.64.2 [3623] 4562 CATTTTGCTCA
STRG.64.2 [4298] 4630 AACAACAGGAA
STRG.64.2 [159] 4669 AGTGTGCGGAC
STRG.64.2 [106] 4891 TGTACATTTAA
STRG.64.2 [107] 4892 GTACATTTAAT
STRG.64.2 [4286, 4289, 4292] 5529 AACAACAACAA
STRG.64.2 [400] 5578 GAAAAACTAAG
STRG.64.2 [3769] 6778 CATGGGCTTCA
STRG.64.2 [1351] 7027 CAGGGCCATGA
STRG.64.2 [4481] 8592 TGCAAGTATGT
STRG.64.2 [4482] 8593 GCAAGTATGTG
STRG.64.2 [4019] 9370 ATGAACATGAA
STRG.64.2 [4020] 9371 TGAACATGAAC
STRG.64.2 [3741] 10163 GAGTCGGAGCA
STRG.64.2 [363] 10584 TGTGTGCGTGG
STRG.64.2 [364] 10585 GTGTGCGTGGC
STRG.64.2 [365] 10586 TGTGCGTGGCA
STRG.64.2 [1103] 10754 AAGAAAATGCC
STRG.64.2 [4783] 11250 AAATTTACACA
STRG.64.2 [4040] 11639 CCGCAAAACTT
STRG.64.2 [4041] 11640 CGCAAAACTTT
STRG.64.2 [4696] 12455 TTTTTAGCCTA
STRG.64.2 [4697] 12456 TTTTAGCCTAA
STRG.64.2 [4665] 14132 TATTTTTGTGT
STRG.64.2 [4327] 14624 CATCTGGCGCA
STRG.64.2 [3367] 15162 CCTGGAAATGA
STRG.64.2 [4662] 16194 GTATATTTTTG
STRG.64.2 [3667] 16733 GGGGAATCCGG
STRG.64.2 [3668] 16734 GGGAATCCGGA
STRG.64.2 [3935] 17251 AACCAAATGGG
STRG.64.2 [234] 18321 GAAAAATCAAT
STRG.64.2 [1564] 18331 TGCTGCGCCAC
STRG.64.2 [1565] 18332 GCTGCGCCACA
STRG.64.2 [2839] 18415 CCTGTTCTCGG
STRG.64.2 [2840] 18416 CTGTTCTCGGA
STRG.64.2 [2871] 19115 AACCCAAAAAG
STRG.64.2 [292] 19124 AGCATTTCCCT
STRG.64.2 [368] 21474 GCGTGGCAAGG
STRG.64.2 [3365] 22353 TTCCTGGAAAT
STRG.64.2 [3979] 22396 GATGAACGGAC
STRG.64.2 [4570] 22612 ACGGAGGCCAA
STRG.64.2 [1659] 23269 CAGACAGCACT
STRG.64.2 [4483] 26150 CAAGTATGTGC
STRG.64.2 [546] 26396 TTTCGGTTTTC
STRG.64.2 [4586] 26782 CCGAAATCGAG
STRG.64.2 [2720] 26851 GATTTGTCCAC
STRG.64.2 [2661] 26894 CTTCACCCGCT
STRG.64.2 [2662] 26895 TTCACCCGCTT
STRG.64.2 [2663] 26896 TCACCCGCTTT
STRG.64.2 [1397] 28293 CTCCTTTCTCC
STRG.64.2 [218] 28373 ATTAGGATTAA
STRG.64.2 [3001] 28734 CAGCAGCAAGG
STRG.64.2 [3002] 28735 AGCAGCAAGGA
STRG.64.2 [1708] 28829 GGCGGCCAACA
STRG.64.2 [1709] 28830 GCGGCCAACAG
STRG.64.2 [3283] 29246 CTGGCAGTCAG
STRG.64.2 [1202] 29460 ATTTCGGGTTT
STRG.64.2 [3558] 29614 TAAGAGCCCTG
STRG.64.2 [997] 29703 ACACACGCGCA
STRG.64.2 [998] 29704 CACACGCGCAC
STRG.64.2 [999] 29705 ACACGCGCACA
STRG.64.2 [49] 29825 AGATAGAAAAA
STRG.64.2 [3295] 30080 GGAAAAGCTCA
STRG.64.2 [3296] 30081 GAAAAGCTCAC
STRG.64.2 [4374] 30107 ACTGGCGCTCA
STRG.64.2 [3448] 30197 GCCGCAAATGG
STRG.64.2 [2421] 32711 CAAATGCTGCA
STRG.64.2 [1588] 34476 TACTGCCTCTC
STRG.64.2 [3001] 34546 CAGCAGCAAGG
STRG.64.2 [3499] 35916 CCCGAACGGAA
STRG.64.2 [925] 36230 AGTGGAAATTT
STRG.64.2 [926] 36231 GTGGAAATTTA
STRG.64.2 [766] 36755 CGCTGCTGCTG
STRG.64.2 [4288, 4291, 4294] 37731 CAACAACAACA
STRG.64.2 [4286, 4289, 4292] 37732 AACAACAACAA
STRG.64.2 [3291] 37882 CAGAGGAAAAG
STRG.64.2 [3292] 37883 AGAGGAAAAGC
STRG.64.2 [1189] 38929 GGAGGTGAAAC
STRG.64.2 [4452] 40208 TGCGAGGACAC
STRG.64.2 [2888] 40515 AAGCGCAAGCG
STRG.64.2 [669] 40663 CTGCAGCTCCA
STRG.64.2 [2184] 40768 GCTCCTCCAGC
STRG.64.2 [2185] 40769 CTCCTCCAGCT
STRG.64.2 [2186] 40770 TCCTCCAGCTC
STRG.64.2 [2187] 40771 CCTCCAGCTCG
STRG.64.2 [2188] 40772 CTCCAGCTCGA
STRG.64.2 [2189] 40773 TCCAGCTCGAG
STRG.64.2 [2189] 40785 TCCAGCTCGAG
STRG.64.2 [2791] 41048 CGCCAAGCTGA
STRG.64.2 [2792] 41049 GCCAAGCTGAT
STRG.64.2 [1201] 42650 CATTTCGGGTT
STRG.64.2 [1202] 42651 ATTTCGGGTTT
STRG.64.2 [421] 42723 ATTTTGCTTGT
STRG.64.2 [422] 42724 TTTTGCTTGTA
STRG.64.2 [423] 42725 TTTGCTTGTAC
STRG.64.2 [2933] 44434 CCACTGGCGCC
STRG.64.2 [2213] 44710 CGCAGCAGCGG
STRG.64.2 [3757] 44733 CAGCGGATCGG
STRG.64.2 [3515] 45711 TCCAAGCAGCG
STRG.64.2 [1391] 46653 CTGCTGCTCCT
STRG.64.2 [767] 46667 GCTGCTGCTGG
STRG.64.2 [2352] 47048 CATCCTCATCC
STRG.64.2 [1436] 47210 TCAGCACCTAT
STRG.64.2 [1772] 47278 GATGGTGGCGA
STRG.64.2 [683] 47841 CAAAAAACAAA
STRG.64.2 [341] 49343 AAAATCAAAAT
STRG.64.2 [342] 49344 AAATCAAAATG
STRG.64.2 [4238] 49642 CCGCCCAATGG
STRG.64.2 [740] 50193 AAATAACAGCA
STRG.64.2 [741] 50194 AATAACAGCAT
STRG.64.2 [1785] 51130 AAACGGATTCT
STRG.64.2 [981] 51674 ACACACGCACG
STRG.64.2 [1293] 51712 GCGACTTTATG
STRG.64.2 [1294] 51713 CGACTTTATGG
STRG.64.2 [1295] 51714 GACTTTATGGC
STRG.64.2 [4738] 51727 TTTATTATTAT
STRG.64.2 [378] 52219 GCGCTGCCAAC
STRG.64.2 [379] 52220 CGCTGCCAACC
STRG.64.2 [775] 52774 TGGAATTTATT
STRG.64.2 [109] 53629 ACATTTAATAT
STRG.64.2 [110] 53630 CATTTAATATA
STRG.64.2 [925] 54403 AGTGGAAATTT
STRG.64.2 [1860] 55442 TAGCAGATGCT
STRG.64.2 [1861] 55443 AGCAGATGCTA
STRG.64.2 [2187] 55930 CCTCCAGCTCG
STRG.64.2 [995] 56265 CAACACACGCG
STRG.64.2 [996] 56266 AACACACGCGC
STRG.64.2 [831] 56925 ATCCTGCTAAA
STRG.64.2 [832] 56926 TCCTGCTAAAT
STRG.64.2 [2348] 57533 TCATCATCCTC
STRG.64.2 [2352] 57549 CATCCTCATCC
STRG.64.2 [2353] 57550 ATCCTCATCCT
STRG.64.2 [2354] 57551 TCCTCATCCTC
STRG.64.2 [2351] 57554 TCATCCTCATC
STRG.64.2 [2348] 57563 TCATCATCCTC
STRG.64.2 [298] 57645 TCCCTTGGCTG
STRG.64.2 [299] 57646 CCCTTGGCTGC
STRG.64.2 [4307] 58055 AACAAAAACAA
STRG.64.2 [937] 58653 GTATCTATTAA
STRG.64.2 [4335] 59165 GCAGCGGGGGC
STRG.64.2 [4336] 59166 CAGCGGGGGCA
STRG.64.2 [3602] 59184 GCGGAGGCGGA
STRG.64.2 [1740] 60099 CCATCAAGTGG
STRG.64.2 [1035] 60790 TGTGGAAGAGA
STRG.64.2 [768] 60934 CTGCTGCTGGA
STRG.64.2 [3129] 61631 CGGCAGGCGGA
STRG.64.2 [3519] 61793 AGCAGCGCCAG
STRG.64.2 [684] 62719 AAAAAACAAAA
STRG.64.2 [2764] 63455 CGCGGGACATG
STRG.64.2 [3070] 64399 CATTCCCCTTA
STRG.64.2 [1874] 65099 CTGGGGAAAAA
STRG.64.2 [681] 65800 AACAAAAAACA
STRG.64.2 [682] 65801 ACAAAAAACAA
STRG.64.2 [683] 65802 CAAAAAACAAA
STRG.64.2 [539] 66609 ATATAATTTTC
STRG.64.2 [1154] 66697 CTTTTGGACAA
STRG.64.2 [1155] 66698 TTTTGGACAAT
STRG.64.2 [752] 66781 TTATCATATTT
STRG.64.2 [753] 66782 TATCATATTTT
STRG.64.2 [1154] 67063 CTTTTGGACAA
STRG.64.2 [1155] 67064 TTTTGGACAAT
STRG.64.2 [1156] 67065 TTTGGACAATA
STRG.64.2 [1157] 67066 TTGGACAATAA
STRG.64.2 [1158] 67067 TGGACAATAAT
STRG.64.2 [681] 67113 AACAAAAAACA
STRG.64.2 [1105] 68219 GAAAATGCCTC
STRG.64.2 [3774] 68480 GCTTCAATGAC
STRG.64.2 [508] 68685 TGTTTTCGTAT
STRG.64.2 [509] 68686 GTTTTCGTATC
STRG.64.2 [1068] 69403 TGCCAGATAAA
STRG.64.2 [2120] 70330 TCCTCTTCCCA
STRG.64.2 [2121] 70331 CCTCTTCCCAT
STRG.64.2 [3141] 70618 AAGGCGGAGAA
STRG.64.2 [3133, 3142] 70619 AGGCGGAGAAG
STRG.64.2 [952] 71980 CCCATACCAAC
STRG.64.2 [1352] 72061 AGGGCCATGAA
STRG.64.2 [3408] 72204 CGCTGACCATT
STRG.64.2 [2392] 72640 GCTAATGCCTC
STRG.64.2 [3420] 72648 CTCGGCGTGGA
STRG.64.2 [2420] 72866 TCAAATGCTGC
STRG.64.2 [1268] 73462 AAATCCACAAA
STRG.64.2 [1269] 73463 AATCCACAAAG
STRG.64.2 [778] 75333 AATTTATTTAA
STRG.64.2 [2751] 76396 ACATCAACAAC
STRG.64.2 [3919] 77148 GCCGCAAATCT
STRG.64.2 [2675] 79944 ATGGCAGTCCC
STRG.64.2 [654] 81564 CGTAAAACACG
STRG.64.2 [4251] 82453 TGGGGCCAGGA
STRG.64.2 [4252] 82454 GGGGCCAGGAC
STRG.64.2 [1391] 82593 CTGCTGCTCCT
STRG.64.2 [1391] 82611 CTGCTGCTCCT
STRG.64.2 [1391] 82629 CTGCTGCTCCT
STRG.64.2 [779] 84288 ATTTATTTAAT
STRG.64.2 [968] 85549 CGAGTGTCGGT
STRG.64.2 [969] 85550 GAGTGTCGGTG
STRG.64.2 [1107] 85845 AAATGCCTCGT
STRG.64.2 [537] 86985 ATATATAATTT
STRG.64.2 [1879] 87006 GAAAAAGTCCG
STRG.64.2 [3639] 88178 TTCCCGTGATA
STRG.64.2 [2880] 88280 AGGTGGTGAAG
STRG.64.2 [535] 88431 TAATATATAAT
STRG.64.2 [3238] 89381 AGTGCTCACGC
STRG.64.2 [1386] 89651 TGGAACTGCTG
STRG.64.2 [767] 89724 GCTGCTGCTGG
STRG.64.2 [768] 89725 CTGCTGCTGGA
STRG.64.2 [769] 89726 TGCTGCTGGAA
STRG.64.2 [116] 90106 ATATATATTTT
STRG.64.2 [3058] 90448 CGATGACGACG
STRG.64.2 [2602] 90767 GGCTCCGCCTC
STRG.64.2 [3711] 91960 CGGAGCCCAAG
STRG.64.2 [3734] 92322 AGCTCGGGAGT
STRG.64.2 [1391] 92573 CTGCTGCTCCT
STRG.64.2 [1391] 92582 CTGCTGCTCCT
STRG.64.2 [1392] 92583 TGCTGCTCCTT
STRG.64.2 [765] 92600 GCGCTGCTGCT
STRG.64.2 [766] 92601 CGCTGCTGCTG
STRG.64.2 [726] 95107 CAGTTGAGACA
STRG.64.2 [2350] 95187 ATCATCCTCAT
STRG.64.2 [2351] 95188 TCATCCTCATC
STRG.64.2 [2352] 95189 CATCCTCATCC
STRG.64.2 [1199] 95797 CGCATTTCGGG
STRG.64.2 [3748] 95856 AGCAAATATCA
STRG.64.2 [2073] 96676 CATCCTCCTCT
STRG.64.2 [2228] 97386 TCTTCTTCTTC
STRG.64.2 [2228] 97389 TCTTCTTCTTC
STRG.64.2 [2408] 97411 GCTGTGGCAGC
STRG.64.2 [117] 98100 TATATATTTTC
STRG.64.2 [1100] 98610 ACAAAGAAAAT
STRG.64.2 [3885] 98761 CAAACATGATG
STRG.64.2 [3886] 98762 AAACATGATGC
STRG.64.2 [1148] 99602 CGGGTGCTTTT
